# JRE version: Java(TM) SE Runtime Environment (8.0_201-b09) (build 1.8.0_201-b09)
# Java VM: Java HotSpot(TM) 64-Bit Server VM (25.201-b09 mixed mode linux-amd64 compressed oops)
Heap:
 PSYoungGen      total 204800K, used 50124K [0x00000000d6f00000, 0x00000000e5000000, 0x0000000100000000)
  eden space 190976K, 26% used [0x00000000d6f00000,0x00000000d9ff3148,0x00000000e2980000)
  from space 13824K, 0% used [0x00000000e4280000,0x00000000e4280000,0x00000000e5000000)
  to   space 19456K, 0% used [0x00000000e2a00000,0x00000000e2a00000,0x00000000e3d00000)
 ParOldGen       total 116224K, used 27853K [0x0000000084c00000, 0x000000008bd80000, 0x00000000d6f00000)
  object space 116224K, 23% used [0x0000000084c00000,0x0000000086733688,0x000000008bd80000)
 Metaspace       used 59472K, capacity 62218K, committed 62464K, reserved 1103872K
  class space    used 7890K, capacity 8366K, committed 8448K, reserved 1048576K
GC Heap History (10 events):
Event: 2,646 GC heap before
{Heap before GC invocations=9 (full 1):
 PSYoungGen      total 109056K, used 24697K [0x00000000d6f00000, 0x00000000e1f00000, 0x0000000100000000)
  eden space 99328K, 15% used [0x00000000d6f00000,0x00000000d7da0098,0x00000000dd000000)
  from space 9728K, 99% used [0x00000000dd000000,0x00000000dd97e3b8,0x00000000dd980000)
  to   space 14336K, 0% used [0x00000000e1100000,0x00000000e1100000,0x00000000e1f00000)
 ParOldGen       total 53248K, used 13369K [0x0000000084c00000, 0x0000000088000000, 0x00000000d6f00000)
  object space 53248K, 25% used [0x0000000084c00000,0x000000008590e5e0,0x0000000088000000)
 Metaspace       used 33833K, capacity 35334K, committed 35496K, reserved 1079296K
  class space    used 4560K, capacity 4852K, committed 4864K, reserved 1048576K
Event: 2,653 GC heap after
Heap after GC invocations=9 (full 1):
 PSYoungGen      total 165376K, used 11015K [0x00000000d6f00000, 0x00000000e2c80000, 0x0000000100000000)
  eden space 151040K, 0% used [0x00000000d6f00000,0x00000000d6f00000,0x00000000e0280000)
  from space 14336K, 76% used [0x00000000e1100000,0x00000000e1bc1d60,0x00000000e1f00000)
  to   space 14848K, 0% used [0x00000000e0280000,0x00000000e0280000,0x00000000e1100000)
 ParOldGen       total 53248K, used 13377K [0x0000000084c00000, 0x0000000088000000, 0x00000000d6f00000)
  object space 53248K, 25% used [0x0000000084c00000,0x00000000859105e0,0x0000000088000000)
 Metaspace       used 33833K, capacity 35334K, committed 35496K, reserved 1079296K
  class space    used 4560K, capacity 4852K, committed 4864K, reserved 1048576K
}
Event: 2,653 GC heap before
{Heap before GC invocations=10 (full 2):
 PSYoungGen      total 165376K, used 11015K [0x00000000d6f00000, 0x00000000e2c80000, 0x0000000100000000)
  eden space 151040K, 0% used [0x00000000d6f00000,0x00000000d6f00000,0x00000000e0280000)
  from space 14336K, 76% used [0x00000000e1100000,0x00000000e1bc1d60,0x00000000e1f00000)
  to   space 14848K, 0% used [0x00000000e0280000,0x00000000e0280000,0x00000000e1100000)
 ParOldGen       total 53248K, used 13377K [0x0000000084c00000, 0x0000000088000000, 0x00000000d6f00000)
  object space 53248K, 25% used [0x0000000084c00000,0x00000000859105e0,0x0000000088000000)
 Metaspace       used 33833K, capacity 35334K, committed 35496K, reserved 1079296K
  class space    used 4560K, capacity 4852K, committed 4864K, reserved 1048576K
Event: 2,720 GC heap after
Heap after GC invocations=10 (full 2):
 PSYoungGen      total 165376K, used 0K [0x00000000d6f00000, 0x00000000e2c80000, 0x0000000100000000)
  eden space 151040K, 0% used [0x00000000d6f00000,0x00000000d6f00000,0x00000000e0280000)
  from space 14336K, 0% used [0x00000000e1100000,0x00000000e1100000,0x00000000e1f00000)
  to   space 14848K, 0% used [0x00000000e0280000,0x00000000e0280000,0x00000000e1100000)
 ParOldGen       total 85504K, used 17510K [0x0000000084c00000, 0x0000000089f80000, 0x00000000d6f00000)
  object space 85504K, 20% used [0x0000000084c00000,0x0000000085d19be0,0x0000000089f80000)
 Metaspace       used 33833K, capacity 35334K, committed 35496K, reserved 1079296K
  class space    used 4560K, capacity 4852K, committed 4864K, reserved 1048576K
}
Event: 4,227 GC heap before
{Heap before GC invocations=11 (full 2):
 PSYoungGen      total 165376K, used 151040K [0x00000000d6f00000, 0x00000000e2c80000, 0x0000000100000000)
  eden space 151040K, 100% used [0x00000000d6f00000,0x00000000e0280000,0x00000000e0280000)
  from space 14336K, 0% used [0x00000000e1100000,0x00000000e1100000,0x00000000e1f00000)
  to   space 14848K, 0% used [0x00000000e0280000,0x00000000e0280000,0x00000000e1100000)
 ParOldGen       total 85504K, used 17510K [0x0000000084c00000, 0x0000000089f80000, 0x00000000d6f00000)
  object space 85504K, 20% used [0x0000000084c00000,0x0000000085d19be0,0x0000000089f80000)
 Metaspace       used 50283K, capacity 52642K, committed 52736K, reserved 1095680K
  class space    used 6931K, capacity 7361K, committed 7424K, reserved 1048576K
Event: 4,243 GC heap after
Heap after GC invocations=11 (full 2):
 PSYoungGen      total 165888K, used 14845K [0x00000000d6f00000, 0x00000000e5500000, 0x0000000100000000)
  eden space 151040K, 0% used [0x00000000d6f00000,0x00000000d6f00000,0x00000000e0280000)
  from space 14848K, 99% used [0x00000000e0280000,0x00000000e10ff6c8,0x00000000e1100000)
  to   space 18944K, 0% used [0x00000000e4280000,0x00000000e4280000,0x00000000e5500000)
 ParOldGen       total 85504K, used 22297K [0x0000000084c00000, 0x0000000089f80000, 0x00000000d6f00000)
  object space 85504K, 26% used [0x0000000084c00000,0x00000000861c6698,0x0000000089f80000)
 Metaspace       used 50283K, capacity 52642K, committed 52736K, reserved 1095680K
  class space    used 6931K, capacity 7361K, committed 7424K, reserved 1048576K
}
Event: 16,846 GC heap before
{Heap before GC invocations=12 (full 2):
 PSYoungGen      total 165888K, used 88768K [0x00000000d6f00000, 0x00000000e5500000, 0x0000000100000000)
  eden space 151040K, 48% used [0x00000000d6f00000,0x00000000db730ce0,0x00000000e0280000)
  from space 14848K, 99% used [0x00000000e0280000,0x00000000e10ff6c8,0x00000000e1100000)
  to   space 18944K, 0% used [0x00000000e4280000,0x00000000e4280000,0x00000000e5500000)
 ParOldGen       total 85504K, used 22297K [0x0000000084c00000, 0x0000000089f80000, 0x00000000d6f00000)
  object space 85504K, 26% used [0x0000000084c00000,0x00000000861c6698,0x0000000089f80000)
 Metaspace       used 56485K, capacity 59062K, committed 59160K, reserved 1099776K
  class space    used 7578K, capacity 8043K, committed 8064K, reserved 1048576K
Event: 16,859 GC heap after
Heap after GC invocations=12 (full 2):
 PSYoungGen      total 204800K, used 13623K [0x00000000d6f00000, 0x00000000e5000000, 0x0000000100000000)
  eden space 190976K, 0% used [0x00000000d6f00000,0x00000000d6f00000,0x00000000e2980000)
  from space 13824K, 98% used [0x00000000e4280000,0x00000000e4fcdc80,0x00000000e5000000)
  to   space 19456K, 0% used [0x00000000e2a00000,0x00000000e2a00000,0x00000000e3d00000)
 ParOldGen       total 85504K, used 22305K [0x0000000084c00000, 0x0000000089f80000, 0x00000000d6f00000)
  object space 85504K, 26% used [0x0000000084c00000,0x00000000861c8698,0x0000000089f80000)
 Metaspace       used 56485K, capacity 59062K, committed 59160K, reserved 1099776K
  class space    used 7578K, capacity 8043K, committed 8064K, reserved 1048576K
}
Event: 16,859 GC heap before
{Heap before GC invocations=13 (full 3):
 PSYoungGen      total 204800K, used 13623K [0x00000000d6f00000, 0x00000000e5000000, 0x0000000100000000)
  eden space 190976K, 0% used [0x00000000d6f00000,0x00000000d6f00000,0x00000000e2980000)
  from space 13824K, 98% used [0x00000000e4280000,0x00000000e4fcdc80,0x00000000e5000000)
  to   space 19456K, 0% used [0x00000000e2a00000,0x00000000e2a00000,0x00000000e3d00000)
 ParOldGen       total 85504K, used 22305K [0x0000000084c00000, 0x0000000089f80000, 0x00000000d6f00000)
  object space 85504K, 26% used [0x0000000084c00000,0x00000000861c8698,0x0000000089f80000)
 Metaspace       used 56485K, capacity 59062K, committed 59160K, reserved 1099776K
  class space    used 7578K, capacity 8043K, committed 8064K, reserved 1048576K
Event: 17,036 GC heap after
Heap after GC invocations=13 (full 3):
 PSYoungGen      total 204800K, used 0K [0x00000000d6f00000, 0x00000000e5000000, 0x0000000100000000)
  eden space 190976K, 0% used [0x00000000d6f00000,0x00000000d6f00000,0x00000000e2980000)
  from space 13824K, 0% used [0x00000000e4280000,0x00000000e4280000,0x00000000e5000000)
  to   space 19456K, 0% used [0x00000000e2a00000,0x00000000e2a00000,0x00000000e3d00000)
 ParOldGen       total 116224K, used 27853K [0x0000000084c00000, 0x000000008bd80000, 0x00000000d6f00000)
  object space 116224K, 23% used [0x0000000084c00000,0x0000000086733688,0x000000008bd80000)
 Metaspace       used 56483K, capacity 59056K, committed 59160K, reserved 1099776K
  class space    used 7577K, capacity 8042K, committed 8064K, reserved 1048576K
}

